[29-04-2025 00:11:24] Info: SourceLanguage set to Teradata based on the appsettings configuration.
[29-04-2025 00:11:43] Info: No path specified for loading additional transformation rules
[29-04-2025 00:11:43] Info: Starting to analyze the input path 'D:\Snowconvert\Input'...
[29-04-2025 00:11:58] Info: EFProcess 638814823179931064 started
[29-04-2025 00:11:58] Debug: TaskParam TaskProvider = Mobilize.Snow.ConversionTool.Tasks.SnowConvertTaskProvider
[29-04-2025 00:11:58] Debug: TaskParam ConversionBeginTask.Input = D:\Snowconvert\Input\input.wsp
[29-04-2025 00:11:58] Debug: TaskParam workingSet = Value is not created.
[29-04-2025 00:11:58] Debug: TaskParam ConversionBeginTask.ItemMedatada = Artinsoft.Common.Store.ItemMetadata
[29-04-2025 00:11:58] Debug: TaskParam ConversionBeginTask.Enabled = True
[29-04-2025 00:11:58] Debug: TaskParam Repository = Value is not created.
[29-04-2025 00:11:58] Debug: TaskParam RepositoryDirectory = D:\Snowconvert\output\Conversion-4-29-2025T0 8\.mobilize\CommonEF
[29-04-2025 00:11:59] Info: Found 1 Sql files with a total size of 1.24KB
[29-04-2025 00:11:59] Info: Found 0 BTEQ files
[29-04-2025 00:11:59] Info: Found 0 FastLoad files
[29-04-2025 00:11:59] Info: Found 0 MultiLoad files
[29-04-2025 00:11:59] Info: Found 0 TPT files
[29-04-2025 00:11:59] Info: Found 0 TPump files
[29-04-2025 00:11:59] Info: Starting the parsing process of 1 file with 1.24KB of code, this might take a while...
[29-04-2025 00:11:59] Info: Step 1/8 - Loading Code: STARTED
[29-04-2025 00:12:01] Info: Step 1/8 - Loading Code: COMPLETED
[29-04-2025 00:12:01] Debug: TaskParam TaskProvider = Mobilize.Snow.ConversionTool.Tasks.SnowConvertTaskProvider
[29-04-2025 00:12:01] Debug: TaskParam SymbolTableFillingTask.Input = D:\Snowconvert\Input\input.wsp
[29-04-2025 00:12:01] Debug: TaskParam workingSet = Artinsoft.Common.Store.RepositoryWorkingSet`2[System.String,Artinsoft.Common.Store.IItemContainer]
[29-04-2025 00:12:01] Debug: TaskParam SymbolTableFillingTask.ItemMedatada = Artinsoft.Common.Store.ItemMetadata
[29-04-2025 00:12:01] Debug: TaskParam SymbolTableFillingTask.Enabled = True
[29-04-2025 00:12:01] Debug: TaskParam Repository = Artinsoft.Common.Store.Repository
[29-04-2025 00:12:01] Debug: TaskParam RepositoryDirectory = D:\Snowconvert\output\Conversion-4-29-2025T0 8\.mobilize\CommonEF
[29-04-2025 00:12:02] Info: Step 2/8 - Semantic Analysis of Tables: STARTED
[29-04-2025 00:12:02] Info: Step 2/8 - Semantic Analysis of Tables: COMPLETED
[29-04-2025 00:12:02] Debug: TaskParam TaskProvider = Mobilize.Snow.ConversionTool.Tasks.SnowConvertTaskProvider
[29-04-2025 00:12:02] Debug: TaskParam SymbolTableFillingSecondTask.Input = D:\Snowconvert\Input\input.wsp
[29-04-2025 00:12:02] Debug: TaskParam workingSet = Artinsoft.Common.Store.RepositoryWorkingSet`2[System.String,Artinsoft.Common.Store.IItemContainer]
[29-04-2025 00:12:02] Debug: TaskParam SymbolTableFillingSecondTask.ItemMedatada = Artinsoft.Common.Store.ItemMetadata
[29-04-2025 00:12:02] Debug: TaskParam SymbolTableFillingSecondTask.Enabled = True
[29-04-2025 00:12:02] Debug: TaskParam Repository = Artinsoft.Common.Store.Repository
[29-04-2025 00:12:02] Debug: TaskParam RepositoryDirectory = D:\Snowconvert\output\Conversion-4-29-2025T0 8\.mobilize\CommonEF
[29-04-2025 00:12:02] Info: Step 3/8 - Semantic Analysis of Top Level Objects: STARTED
[29-04-2025 00:12:02] Info: Step 3/8 - Semantic Analysis of Top Level Objects: STORING
[29-04-2025 00:12:06] Info: Step 3/8 - Semantic Analysis of Top Level Objects: STORED
[29-04-2025 00:12:06] Info: Step 3/8 - Semantic Analysis of Top Level Objects: COMPLETED
[29-04-2025 00:12:06] Debug: TaskParam TaskProvider = Mobilize.Snow.ConversionTool.Tasks.SnowConvertTaskProvider
[29-04-2025 00:12:06] Debug: TaskParam PreProcessTask.Input = D:\Snowconvert\Input\input.wsp
[29-04-2025 00:12:06] Debug: TaskParam workingSet = Artinsoft.Common.Store.RepositoryWorkingSet`2[System.String,Artinsoft.Common.Store.IItemContainer]
[29-04-2025 00:12:06] Debug: TaskParam PreProcessTask.ItemMedatada = Artinsoft.Common.Store.ItemMetadata
[29-04-2025 00:12:06] Debug: TaskParam PreProcessTask.Enabled = True
[29-04-2025 00:12:06] Debug: TaskParam Repository = Artinsoft.Common.Store.Repository
[29-04-2025 00:12:06] Debug: TaskParam RepositoryDirectory = D:\Snowconvert\output\Conversion-4-29-2025T0 8\.mobilize\CommonEF
[29-04-2025 00:12:06] Info: Step 4/8 - Pre-Processing: STARTED
[29-04-2025 00:12:06] Info: Step 4/8 - Pre-Processing: COMPLETED
[29-04-2025 00:12:06] Debug: TaskParam Lineage.Input = D:\Snowconvert\Input\input.wsp
[29-04-2025 00:12:06] Debug: TaskParam workingSet = Artinsoft.Common.Store.RepositoryWorkingSet`2[System.String,Artinsoft.Common.Store.IItemContainer]
[29-04-2025 00:12:06] Debug: TaskParam Lineage.ItemMedatada = Artinsoft.Common.Store.ItemMetadata
[29-04-2025 00:12:06] Debug: TaskParam Lineage.Enabled = True
[29-04-2025 00:12:06] Debug: TaskParam Repository = Artinsoft.Common.Store.Repository
[29-04-2025 00:12:06] Debug: TaskParam RepositoryDirectory = D:\Snowconvert\output\Conversion-4-29-2025T0 8\.mobilize\CommonEF
[29-04-2025 00:12:06] Info: Step 5/8 - Data lineage analysis: STARTED
[29-04-2025 00:12:06] Info: Step 5/8 - Data lineage analysis: COMPLETED
[29-04-2025 00:12:06] Debug: TaskParam TaskProvider = Mobilize.Snow.ConversionTool.Tasks.SnowConvertTaskProvider
[29-04-2025 00:12:06] Debug: TaskParam PreConversionAssessmentTask.Input = D:\Snowconvert\Input\input.wsp
[29-04-2025 00:12:06] Debug: TaskParam workingSet = Artinsoft.Common.Store.RepositoryWorkingSet`2[System.String,Artinsoft.Common.Store.IItemContainer]
[29-04-2025 00:12:06] Debug: TaskParam PreConversionAssessmentTask.ItemMedatada = Artinsoft.Common.Store.ItemMetadata
[29-04-2025 00:12:06] Debug: TaskParam PreConversionAssessmentTask.Enabled = True
[29-04-2025 00:12:06] Debug: TaskParam Repository = Artinsoft.Common.Store.Repository
[29-04-2025 00:12:06] Debug: TaskParam RepositoryDirectory = D:\Snowconvert\output\Conversion-4-29-2025T0 8\.mobilize\CommonEF
[29-04-2025 00:12:06] Info: Step 6/8 - Pre-Conversion Assessment: STARTED
[29-04-2025 00:12:06] Info: Step 6/8 - Pre-Conversion Assessment: COMPLETED
[29-04-2025 00:12:06] Debug: TaskParam TaskProvider = Mobilize.Snow.ConversionTool.Tasks.SnowConvertTaskProvider
[29-04-2025 00:12:06] Debug: TaskParam TransformationsTask.Input = D:\Snowconvert\Input\input.wsp
[29-04-2025 00:12:06] Debug: TaskParam workingSet = Artinsoft.Common.Store.RepositoryWorkingSet`2[System.String,Artinsoft.Common.Store.IItemContainer]
[29-04-2025 00:12:06] Debug: TaskParam TransformationsTask.ItemMedatada = Artinsoft.Common.Store.ItemMetadata
[29-04-2025 00:12:06] Debug: TaskParam TransformationsTask.Enabled = True
[29-04-2025 00:12:06] Debug: TaskParam Repository = Artinsoft.Common.Store.Repository
[29-04-2025 00:12:06] Debug: TaskParam RepositoryDirectory = D:\Snowconvert\output\Conversion-4-29-2025T0 8\.mobilize\CommonEF
[29-04-2025 00:12:06] Info: Step 7/8 - Conversion Execution: STARTED
[29-04-2025 00:12:06] Info: Start transforming file create_table.sql
[29-04-2025 00:12:07] Info: Transformed file create_table.sql
[29-04-2025 00:12:07] Info: Step 7/8 - Conversion Execution: COMPLETED
[29-04-2025 00:12:07] Debug: TaskParam SnowScript = True
[29-04-2025 00:12:07] Debug: TaskParam reportPath = D:\Snowconvert\output\Conversion-4-29-2025T0 8\Reports\SnowConvert
[29-04-2025 00:12:07] Debug: TaskParam totalProcessedLOC = 0
[29-04-2025 00:12:07] Debug: TaskParam inputPath = D:\Snowconvert\Input
[29-04-2025 00:12:07] Debug: TaskParam outputPath = D:\Snowconvert\output\Conversion-4-29-2025T0 8\Output\SnowConvert
[29-04-2025 00:12:07] Debug: TaskParam SessionTimestamp = 20250429.001123
[29-04-2025 00:12:07] Debug: TaskParam snowConfiguration = Mobilize.Snow.Configuration.SnowConfiguration
[29-04-2025 00:12:07] Debug: TaskParam DashboardMode = False
[29-04-2025 00:12:07] Debug: TaskParam writeResultsProgressDescriptor = Mobilize.Common.Utils.Progress.SingleProgressDescriptor
[29-04-2025 00:12:07] Debug: TaskParam snowExecutionResult = Mobilize.Snow.Assessment.SnowExecutionResult
[29-04-2025 00:12:07] Debug: TaskParam ConversionEndTask.Input = D:\Snowconvert\Input\input.wsp
[29-04-2025 00:12:07] Debug: TaskParam workingSet = Artinsoft.Common.Store.RepositoryWorkingSet`2[System.String,Artinsoft.Common.Store.IItemContainer]
[29-04-2025 00:12:07] Debug: TaskParam ConversionEndTask.ItemMedatada = Artinsoft.Common.Store.ItemMetadata
[29-04-2025 00:12:07] Debug: TaskParam ConversionEndTask.Enabled = True
[29-04-2025 00:12:07] Debug: TaskParam Repository = Artinsoft.Common.Store.Repository
[29-04-2025 00:12:07] Debug: TaskParam RepositoryDirectory = D:\Snowconvert\output\Conversion-4-29-2025T0 8\.mobilize\CommonEF
[29-04-2025 00:12:07] Info: EFProcess 638814823179931064 ended. Execution time: 00:00:09.0704947
[29-04-2025 00:12:07] Info: STARTED Step 8/8: Stats and Reports
[29-04-2025 00:12:07] Info: Writing the conversion summary report
[29-04-2025 00:12:10] Info: Writing the Assessment report
[29-04-2025 00:12:10] Info: Writing the Scope Validations report
[29-04-2025 00:12:10] Info: Writing the raw assessment data report
[29-04-2025 00:12:10] Info: Writing the Elements report
[29-04-2025 00:12:10] Info: Writing the Issues report
[29-04-2025 00:12:10] Info: Writing the missing objects report
[29-04-2025 00:12:10] Info: Writing the object references report
[29-04-2025 00:12:10] Info: Writing the top level code unit report
[29-04-2025 00:12:10] Info: Uploading metadata
[29-04-2025 00:12:10] Info: COMPLETED Step 8/8: Stats and Reports
[29-04-2025 00:12:10] Info: 
==============================================================================
SnowConvert assessment execution summary
 - Files: 1
 - Files Not Generated: 0
 - Total lines of code: 26
 - Automatically converted: 96.15%
 - Conversion time: 00:00:09
 - Conversion speed: 2 lines of code per second
See the report files for more details about the conversion status.
==============================================================================

[29-04-2025 00:12:10] Info: 
==============================================================================
SnowConvert Tool.
Copyright © 2023-2025 Snowflake Inc. All rights reserved.
==============================================================================

